# JRE version: Java(TM) SE Runtime Environment (8.0_431) (build 1.8.0_431-b10)
# Java VM: Java HotSpot(TM) 64-Bit Server VM (25.431-b10 mixed mode windows-amd64 compressed oops)
Heap:
 PSYoungGen      total 10212352K, used 8673397K [0x000001e8a9180000, 0x000001eb43c00000, 0x000001eb43c00000)
  eden space 9502208K, 89% used [0x000001e8a9180000,0x000001eaae67fb58,0x000001eaed100000)
  from space 710144K, 27% used [0x000001eaed100000,0x000001eaf921da80,0x000001eb18680000)
  to   space 702976K, 0% used [0x000001eb18d80000,0x000001eb18d80000,0x000001eb43c00000)
 ParOldGen       total 10372096K, used 1362961K [0x000001e373c00000, 0x000001e5ecd00000, 0x000001e8a9180000)
  object space 10372096K, 13% used [0x000001e373c00000,0x000001e3c6f04490,0x000001e5ecd00000)
 Metaspace       used 303685K, capacity 312295K, committed 312536K, reserved 1302528K
  class space    used 55673K, capacity 58857K, committed 58880K, reserved 1048576K
GC Heap History (10 events):
Event: 88.371 GC heap before
{Heap before GC invocations=19 (full 5):
 PSYoungGen      total 10265088K, used 9935828K [0x000001e8a9180000, 0x000001eb42a80000, 0x000001eb43c00000)
  eden space 9665024K, 100% used [0x000001e8a9180000,0x000001eaf7000000,0x000001eaf7000000)
  from space 600064K, 45% used [0x000001eaf7000000,0x000001eb078753f0,0x000001eb1ba00000)
  to   space 577024K, 0% used [0x000001eb1f700000,0x000001eb1f700000,0x000001eb42a80000)
 ParOldGen       total 9177600K, used 1110996K [0x000001e373c00000, 0x000001e5a3e80000, 0x000001e8a9180000)
  object space 9177600K, 12% used [0x000001e373c00000,0x000001e3b78f5098,0x000001e5a3e80000)
 Metaspace       used 238381K, capacity 244217K, committed 244440K, reserved 1249280K
  class space    used 42755K, capacity 44956K, committed 45056K, reserved 1048576K
Event: 88.450 GC heap after
Heap after GC invocations=19 (full 5):
 PSYoungGen      total 10317312K, used 404751K [0x000001e8a9180000, 0x000001eb43980000, 0x000001eb43c00000)
  eden space 9740288K, 0% used [0x000001e8a9180000,0x000001e8a9180000,0x000001eafb980000)
  from space 577024K, 70% used [0x000001eb1f700000,0x000001eb38243c80,0x000001eb42a80000)
  to   space 587264K, 0% used [0x000001eafb980000,0x000001eafb980000,0x000001eb1f700000)
 ParOldGen       total 9177600K, used 1111004K [0x000001e373c00000, 0x000001e5a3e80000, 0x000001e8a9180000)
  object space 9177600K, 12% used [0x000001e373c00000,0x000001e3b78f7098,0x000001e5a3e80000)
 Metaspace       used 238381K, capacity 244217K, committed 244440K, reserved 1249280K
  class space    used 42755K, capacity 44956K, committed 45056K, reserved 1048576K
}
Event: 98.236 GC heap before
{Heap before GC invocations=20 (full 5):
 PSYoungGen      total 10317312K, used 10145039K [0x000001e8a9180000, 0x000001eb43980000, 0x000001eb43c00000)
  eden space 9740288K, 100% used [0x000001e8a9180000,0x000001eafb980000,0x000001eafb980000)
  from space 577024K, 70% used [0x000001eb1f700000,0x000001eb38243c80,0x000001eb42a80000)
  to   space 587264K, 0% used [0x000001eafb980000,0x000001eafb980000,0x000001eb1f700000)
 ParOldGen       total 9177600K, used 1111004K [0x000001e373c00000, 0x000001e5a3e80000, 0x000001e8a9180000)
  object space 9177600K, 12% used [0x000001e373c00000,0x000001e3b78f7098,0x000001e5a3e80000)
 Metaspace       used 264537K, capacity 271273K, committed 271448K, reserved 1269760K
  class space    used 48023K, capacity 50480K, committed 50560K, reserved 1048576K
Event: 98.364 GC heap after
Heap after GC invocations=20 (full 5):
 PSYoungGen      total 10327552K, used 587232K [0x000001e8a9180000, 0x000001eb43c00000, 0x000001eb43c00000)
  eden space 9740288K, 0% used [0x000001e8a9180000,0x000001e8a9180000,0x000001eafb980000)
  from space 587264K, 99% used [0x000001eafb980000,0x000001eb1f6f81c8,0x000001eb1f700000)
  to   space 594944K, 0% used [0x000001eb1f700000,0x000001eb1f700000,0x000001eb43c00000)
 ParOldGen       total 9177600K, used 1117906K [0x000001e373c00000, 0x000001e5a3e80000, 0x000001e8a9180000)
  object space 9177600K, 12% used [0x000001e373c00000,0x000001e3b7fb4a08,0x000001e5a3e80000)
 Metaspace       used 264537K, capacity 271273K, committed 271448K, reserved 1269760K
  class space    used 48023K, capacity 50480K, committed 50560K, reserved 1048576K
}
Event: 99.055 GC heap before
{Heap before GC invocations=21 (full 5):
 PSYoungGen      total 10327552K, used 1595958K [0x000001e8a9180000, 0x000001eb43c00000, 0x000001eb43c00000)
  eden space 9740288K, 10% used [0x000001e8a9180000,0x000001e8e6a95650,0x000001eafb980000)
  from space 587264K, 99% used [0x000001eafb980000,0x000001eb1f6f81c8,0x000001eb1f700000)
  to   space 594944K, 0% used [0x000001eb1f700000,0x000001eb1f700000,0x000001eb43c00000)
 ParOldGen       total 9177600K, used 1117906K [0x000001e373c00000, 0x000001e5a3e80000, 0x000001e8a9180000)
  object space 9177600K, 12% used [0x000001e373c00000,0x000001e3b7fb4a08,0x000001e5a3e80000)
 Metaspace       used 266203K, capacity 272891K, committed 272960K, reserved 1271808K
  class space    used 48478K, capacity 50935K, committed 50944K, reserved 1048576K
Event: 99.166 GC heap after
Heap after GC invocations=21 (full 5):
 PSYoungGen      total 10097152K, used 552555K [0x000001e8a9180000, 0x000001eb43c00000, 0x000001eb43c00000)
  eden space 9502208K, 0% used [0x000001e8a9180000,0x000001e8a9180000,0x000001eaed100000)
  from space 594944K, 92% used [0x000001eb1f700000,0x000001eb4129ad38,0x000001eb43c00000)
  to   space 710144K, 0% used [0x000001eaed100000,0x000001eaed100000,0x000001eb18680000)
 ParOldGen       total 9177600K, used 1117914K [0x000001e373c00000, 0x000001e5a3e80000, 0x000001e8a9180000)
  object space 9177600K, 12% used [0x000001e373c00000,0x000001e3b7fb6a08,0x000001e5a3e80000)
 Metaspace       used 266203K, capacity 272891K, committed 272960K, reserved 1271808K
  class space    used 48478K, capacity 50935K, committed 50944K, reserved 1048576K
}
Event: 99.166 GC heap before
{Heap before GC invocations=22 (full 6):
 PSYoungGen      total 10097152K, used 552555K [0x000001e8a9180000, 0x000001eb43c00000, 0x000001eb43c00000)
  eden space 9502208K, 0% used [0x000001e8a9180000,0x000001e8a9180000,0x000001eaed100000)
  from space 594944K, 92% used [0x000001eb1f700000,0x000001eb4129ad38,0x000001eb43c00000)
  to   space 710144K, 0% used [0x000001eaed100000,0x000001eaed100000,0x000001eb18680000)
 ParOldGen       total 9177600K, used 1117914K [0x000001e373c00000, 0x000001e5a3e80000, 0x000001e8a9180000)
  object space 9177600K, 12% used [0x000001e373c00000,0x000001e3b7fb6a08,0x000001e5a3e80000)
 Metaspace       used 266203K, capacity 272891K, committed 272960K, reserved 1271808K
  class space    used 48478K, capacity 50935K, committed 50944K, reserved 1048576K
Event: 99.699 GC heap after
Heap after GC invocations=22 (full 6):
 PSYoungGen      total 10097152K, used 0K [0x000001e8a9180000, 0x000001eb43c00000, 0x000001eb43c00000)
  eden space 9502208K, 0% used [0x000001e8a9180000,0x000001e8a9180000,0x000001eaed100000)
  from space 594944K, 0% used [0x000001eb1f700000,0x000001eb1f700000,0x000001eb43c00000)
  to   space 710144K, 0% used [0x000001eaed100000,0x000001eaed100000,0x000001eb18680000)
 ParOldGen       total 10372096K, used 1362953K [0x000001e373c00000, 0x000001e5ecd00000, 0x000001e8a9180000)
  object space 10372096K, 13% used [0x000001e373c00000,0x000001e3c6f02490,0x000001e5ecd00000)
 Metaspace       used 266200K, capacity 272885K, committed 272960K, reserved 1271808K
  class space    used 48478K, capacity 50934K, committed 50944K, reserved 1048576K
}
Event: 110.305 GC heap before
{Heap before GC invocations=23 (full 6):
 PSYoungGen      total 10097152K, used 9502208K [0x000001e8a9180000, 0x000001eb43c00000, 0x000001eb43c00000)
  eden space 9502208K, 100% used [0x000001e8a9180000,0x000001eaed100000,0x000001eaed100000)
  from space 594944K, 0% used [0x000001eb1f700000,0x000001eb1f700000,0x000001eb43c00000)
  to   space 710144K, 0% used [0x000001eaed100000,0x000001eaed100000,0x000001eb18680000)
 ParOldGen       total 10372096K, used 1362953K [0x000001e373c00000, 0x000001e5ecd00000, 0x000001e8a9180000)
  object space 10372096K, 13% used [0x000001e373c00000,0x000001e3c6f02490,0x000001e5ecd00000)
 Metaspace       used 283464K, capacity 290999K, committed 291160K, reserved 1286144K
  class space    used 52259K, capacity 55061K, committed 55168K, reserved 1048576K
Event: 110.363 GC heap after
Heap after GC invocations=23 (full 6):
 PSYoungGen      total 10212352K, used 197750K [0x000001e8a9180000, 0x000001eb43c00000, 0x000001eb43c00000)
  eden space 9502208K, 0% used [0x000001e8a9180000,0x000001e8a9180000,0x000001eaed100000)
  from space 710144K, 27% used [0x000001eaed100000,0x000001eaf921da80,0x000001eb18680000)
  to   space 702976K, 0% used [0x000001eb18d80000,0x000001eb18d80000,0x000001eb43c00000)
 ParOldGen       total 10372096K, used 1362961K [0x000001e373c00000, 0x000001e5ecd00000, 0x000001e8a9180000)
  object space 10372096K, 13% used [0x000001e373c00000,0x000001e3c6f04490,0x000001e5ecd00000)
 Metaspace       used 283464K, capacity 290999K, committed 291160K, reserved 1286144K
  class space    used 52259K, capacity 55061K, committed 55168K, reserved 1048576K
}

