# JRE version: Java(TM) SE Runtime Environment (8.0_411) (build 1.8.0_411-b09)
# Java VM: Java HotSpot(TM) 64-Bit Server VM (25.411-b09 mixed mode windows-amd64 compressed oops)
Heap:
 PSYoungGen      total 10368512K, used 6007877K [0x0000029924380000, 0x0000029bbce00000, 0x0000029bbee00000)
  eden space 9875456K, 60% used [0x0000029924380000,0x0000029a92e916e8,0x0000029b7ef80000)
  from space 493056K, 0% used [0x0000029b7ef80000,0x0000029b7ef80000,0x0000029b9d100000)
  to   space 483840K, 0% used [0x0000029b9f580000,0x0000029b9f580000,0x0000029bbce00000)
 ParOldGen       total 9614848K, used 1388579K [0x00000293eee00000, 0x0000029639b80000, 0x0000029924380000)
  object space 9614848K, 14% used [0x00000293eee00000,0x0000029443a08f10,0x0000029639b80000)
 Metaspace       used 281274K, capacity 288702K, committed 288844K, reserved 1284096K
  class space    used 51429K, capacity 54121K, committed 54132K, reserved 1048576K
GC Heap History (10 events):
Event: 65.906 GC heap before
{Heap before GC invocations=17 (full 5):
 PSYoungGen      total 9901056K, used 9870848K [0x0000029924380000, 0x0000029bbee00000, 0x0000029bbee00000)
  eden space 9870848K, 100% used [0x0000029924380000,0x0000029b7eb00000,0x0000029b7eb00000)
  from space 30208K, 0% used [0x0000029b7eb00000,0x0000029b7eb00000,0x0000029b80880000)
  to   space 539648K, 0% used [0x0000029b9df00000,0x0000029b9df00000,0x0000029bbee00000)
 ParOldGen       total 7932928K, used 952333K [0x00000293eee00000, 0x00000295d3100000, 0x0000029924380000)
  object space 7932928K, 12% used [0x00000293eee00000,0x00000294290034f0,0x00000295d3100000)
 Metaspace       used 188576K, capacity 192946K, committed 193228K, reserved 1208320K
  class space    used 32617K, capacity 34187K, committed 34292K, reserved 1048576K
Event: 65.987 GC heap after
Heap after GC invocations=17 (full 5):
 PSYoungGen      total 10400768K, used 274007K [0x0000029924380000, 0x0000029bbee00000, 0x0000029bbee00000)
  eden space 9861120K, 0% used [0x0000029924380000,0x0000029924380000,0x0000029b7e180000)
  from space 539648K, 50% used [0x0000029b9df00000,0x0000029baea95c00,0x0000029bbee00000)
  to   space 521728K, 0% used [0x0000029b7e180000,0x0000029b7e180000,0x0000029b9df00000)
 ParOldGen       total 7932928K, used 952341K [0x00000293eee00000, 0x00000295d3100000, 0x0000029924380000)
  object space 7932928K, 12% used [0x00000293eee00000,0x00000294290054f0,0x00000295d3100000)
 Metaspace       used 188576K, capacity 192946K, committed 193228K, reserved 1208320K
  class space    used 32617K, capacity 34187K, committed 34292K, reserved 1048576K
}
Event: 74.756 GC heap before
{Heap before GC invocations=18 (full 5):
 PSYoungGen      total 10400768K, used 10135127K [0x0000029924380000, 0x0000029bbee00000, 0x0000029bbee00000)
  eden space 9861120K, 100% used [0x0000029924380000,0x0000029b7e180000,0x0000029b7e180000)
  from space 539648K, 50% used [0x0000029b9df00000,0x0000029baea95c00,0x0000029bbee00000)
  to   space 521728K, 0% used [0x0000029b7e180000,0x0000029b7e180000,0x0000029b9df00000)
 ParOldGen       total 7932928K, used 952341K [0x00000293eee00000, 0x00000295d3100000, 0x0000029924380000)
  object space 7932928K, 12% used [0x00000293eee00000,0x00000294290054f0,0x00000295d3100000)
 Metaspace       used 217902K, capacity 222824K, committed 223180K, reserved 1232896K
  class space    used 38911K, capacity 40652K, committed 40692K, reserved 1048576K
Event: 74.829 GC heap after
Heap after GC invocations=18 (full 5):
 PSYoungGen      total 10029568K, used 168181K [0x0000029924380000, 0x0000029bbc080000, 0x0000029bbee00000)
  eden space 9861120K, 0% used [0x0000029924380000,0x0000029924380000,0x0000029b7e180000)
  from space 168448K, 99% used [0x0000029b7e180000,0x0000029b885bd7d8,0x0000029b88600000)
  to   space 507392K, 0% used [0x0000029b9d100000,0x0000029b9d100000,0x0000029bbc080000)
 ParOldGen       total 7932928K, used 1090434K [0x00000293eee00000, 0x00000295d3100000, 0x0000029924380000)
  object space 7932928K, 13% used [0x00000293eee00000,0x00000294316e09f0,0x00000295d3100000)
 Metaspace       used 217902K, capacity 222824K, committed 223180K, reserved 1232896K
  class space    used 38911K, capacity 40652K, committed 40692K, reserved 1048576K
}
Event: 84.665 GC heap before
{Heap before GC invocations=19 (full 5):
 PSYoungGen      total 10029568K, used 10029301K [0x0000029924380000, 0x0000029bbc080000, 0x0000029bbee00000)
  eden space 9861120K, 100% used [0x0000029924380000,0x0000029b7e180000,0x0000029b7e180000)
  from space 168448K, 99% used [0x0000029b7e180000,0x0000029b885bd7d8,0x0000029b88600000)
  to   space 507392K, 0% used [0x0000029b9d100000,0x0000029b9d100000,0x0000029bbc080000)
 ParOldGen       total 7932928K, used 1090434K [0x00000293eee00000, 0x00000295d3100000, 0x0000029924380000)
  object space 7932928K, 13% used [0x00000293eee00000,0x00000294316e09f0,0x00000295d3100000)
 Metaspace       used 245485K, capacity 251376K, committed 251724K, reserved 1255424K
  class space    used 44543K, capacity 46656K, committed 46708K, reserved 1048576K
Event: 84.758 GC heap after
Heap after GC invocations=19 (full 5):
 PSYoungGen      total 10382848K, used 272217K [0x0000029924380000, 0x0000029bbee00000, 0x0000029bbee00000)
  eden space 9875456K, 0% used [0x0000029924380000,0x0000029924380000,0x0000029b7ef80000)
  from space 507392K, 53% used [0x0000029b9d100000,0x0000029badad67d8,0x0000029bbc080000)
  to   space 493056K, 0% used [0x0000029b7ef80000,0x0000029b7ef80000,0x0000029b9d100000)
 ParOldGen       total 7932928K, used 1224045K [0x00000293eee00000, 0x00000295d3100000, 0x0000029924380000)
  object space 7932928K, 15% used [0x00000293eee00000,0x000002943995b4e0,0x00000295d3100000)
 Metaspace       used 245485K, capacity 251376K, committed 251724K, reserved 1255424K
  class space    used 44543K, capacity 46656K, committed 46708K, reserved 1048576K
}
Event: 94.212 GC heap before
{Heap before GC invocations=20 (full 5):
 PSYoungGen      total 10382848K, used 8922776K [0x0000029924380000, 0x0000029bbee00000, 0x0000029bbee00000)
  eden space 9875456K, 87% used [0x0000029924380000,0x0000029b3434fc00,0x0000029b7ef80000)
  from space 507392K, 53% used [0x0000029b9d100000,0x0000029badad67d8,0x0000029bbc080000)
  to   space 493056K, 0% used [0x0000029b7ef80000,0x0000029b7ef80000,0x0000029b9d100000)
 ParOldGen       total 7932928K, used 1224045K [0x00000293eee00000, 0x00000295d3100000, 0x0000029924380000)
  object space 7932928K, 15% used [0x00000293eee00000,0x000002943995b4e0,0x00000295d3100000)
 Metaspace       used 266450K, capacity 273114K, committed 273196K, reserved 1271808K
  class space    used 48773K, capacity 51153K, committed 51188K, reserved 1048576K
Event: 94.379 GC heap after
Heap after GC invocations=20 (full 5):
 PSYoungGen      total 10368512K, used 283954K [0x0000029924380000, 0x0000029bbce00000, 0x0000029bbee00000)
  eden space 9875456K, 0% used [0x0000029924380000,0x0000029924380000,0x0000029b7ef80000)
  from space 493056K, 57% used [0x0000029b7ef80000,0x0000029b904cc948,0x0000029b9d100000)
  to   space 483840K, 0% used [0x0000029b9f580000,0x0000029b9f580000,0x0000029bbce00000)
 ParOldGen       total 7932928K, used 1440099K [0x00000293eee00000, 0x00000295d3100000, 0x0000029924380000)
  object space 7932928K, 18% used [0x00000293eee00000,0x0000029446c58fa0,0x00000295d3100000)
 Metaspace       used 266450K, capacity 273114K, committed 273196K, reserved 1271808K
  class space    used 48773K, capacity 51153K, committed 51188K, reserved 1048576K
}
Event: 94.379 GC heap before
{Heap before GC invocations=21 (full 6):
 PSYoungGen      total 10368512K, used 283954K [0x0000029924380000, 0x0000029bbce00000, 0x0000029bbee00000)
  eden space 9875456K, 0% used [0x0000029924380000,0x0000029924380000,0x0000029b7ef80000)
  from space 493056K, 57% used [0x0000029b7ef80000,0x0000029b904cc948,0x0000029b9d100000)
  to   space 483840K, 0% used [0x0000029b9f580000,0x0000029b9f580000,0x0000029bbce00000)
 ParOldGen       total 7932928K, used 1440099K [0x00000293eee00000, 0x00000295d3100000, 0x0000029924380000)
  object space 7932928K, 18% used [0x00000293eee00000,0x0000029446c58fa0,0x00000295d3100000)
 Metaspace       used 266450K, capacity 273114K, committed 273196K, reserved 1271808K
  class space    used 48773K, capacity 51153K, committed 51188K, reserved 1048576K
Event: 95.024 GC heap after
Heap after GC invocations=21 (full 6):
 PSYoungGen      total 10368512K, used 0K [0x0000029924380000, 0x0000029bbce00000, 0x0000029bbee00000)
  eden space 9875456K, 0% used [0x0000029924380000,0x0000029924380000,0x0000029b7ef80000)
  from space 493056K, 0% used [0x0000029b7ef80000,0x0000029b7ef80000,0x0000029b9d100000)
  to   space 483840K, 0% used [0x0000029b9f580000,0x0000029b9f580000,0x0000029bbce00000)
 ParOldGen       total 9614848K, used 1388579K [0x00000293eee00000, 0x0000029639b80000, 0x0000029924380000)
  object space 9614848K, 14% used [0x00000293eee00000,0x0000029443a08f10,0x0000029639b80000)
 Metaspace       used 266450K, capacity 273114K, committed 273196K, reserved 1271808K
  class space    used 48773K, capacity 51153K, committed 51188K, reserved 1048576K
}

