# JRE version: Java(TM) SE Runtime Environment (8.0_411) (build 1.8.0_411-b09)
# Java VM: Java HotSpot(TM) 64-Bit Server VM (25.411-b09 mixed mode windows-amd64 compressed oops)
Heap:
 PSYoungGen      total 10369024K, used 6415741K [0x00000219a8b80000, 0x0000021c41580000, 0x0000021c43600000)
  eden space 9876480K, 64% used [0x00000219a8b80000,0x0000021b304df708,0x0000021c03880000)
  from space 492544K, 0% used [0x0000021c03880000,0x0000021c03880000,0x0000021c21980000)
  to   space 482816K, 0% used [0x0000021c23e00000,0x0000021c23e00000,0x0000021c41580000)
 ParOldGen       total 9841152K, used 1385560K [0x0000021473600000, 0x00000216cc080000, 0x00000219a8b80000)
  object space 9841152K, 14% used [0x0000021473600000,0x00000214c7f162c0,0x00000216cc080000)
 Metaspace       used 281900K, capacity 289343K, committed 289612K, reserved 1284096K
  class space    used 51611K, capacity 54311K, committed 54400K, reserved 1048576K
GC Heap History (10 events):
Event: 68.282 GC heap before
{Heap before GC invocations=17 (full 5):
 PSYoungGen      total 9901568K, used 9874944K [0x00000219a8b80000, 0x0000021c43600000, 0x0000021c43600000)
  eden space 9874944K, 100% used [0x00000219a8b80000,0x0000021c03700000,0x0000021c03700000)
  from space 26624K, 0% used [0x0000021c03700000,0x0000021c03700000,0x0000021c05100000)
  to   space 538624K, 0% used [0x0000021c22800000,0x0000021c22800000,0x0000021c43600000)
 ParOldGen       total 8002560K, used 949055K [0x0000021473600000, 0x000002165bd00000, 0x00000219a8b80000)
  object space 8002560K, 11% used [0x0000021473600000,0x00000214ad4cfc30,0x000002165bd00000)
 Metaspace       used 188909K, capacity 193257K, committed 193612K, reserved 1208320K
  class space    used 32738K, capacity 34314K, committed 34432K, reserved 1048576K
Event: 68.365 GC heap after
Heap after GC invocations=17 (full 5):
 PSYoungGen      total 10401280K, used 274746K [0x00000219a8b80000, 0x0000021c43600000, 0x0000021c43600000)
  eden space 9862656K, 0% used [0x00000219a8b80000,0x00000219a8b80000,0x0000021c02b00000)
  from space 538624K, 51% used [0x0000021c22800000,0x0000021c3344ea00,0x0000021c43600000)
  to   space 521216K, 0% used [0x0000021c02b00000,0x0000021c02b00000,0x0000021c22800000)
 ParOldGen       total 8002560K, used 949063K [0x0000021473600000, 0x000002165bd00000, 0x00000219a8b80000)
  object space 8002560K, 11% used [0x0000021473600000,0x00000214ad4d1c30,0x000002165bd00000)
 Metaspace       used 188909K, capacity 193257K, committed 193612K, reserved 1208320K
  class space    used 32738K, capacity 34314K, committed 34432K, reserved 1048576K
}
Event: 77.535 GC heap before
{Heap before GC invocations=18 (full 5):
 PSYoungGen      total 10401280K, used 10137402K [0x00000219a8b80000, 0x0000021c43600000, 0x0000021c43600000)
  eden space 9862656K, 100% used [0x00000219a8b80000,0x0000021c02b00000,0x0000021c02b00000)
  from space 538624K, 51% used [0x0000021c22800000,0x0000021c3344ea00,0x0000021c43600000)
  to   space 521216K, 0% used [0x0000021c02b00000,0x0000021c02b00000,0x0000021c22800000)
 ParOldGen       total 8002560K, used 949063K [0x0000021473600000, 0x000002165bd00000, 0x00000219a8b80000)
  object space 8002560K, 11% used [0x0000021473600000,0x00000214ad4d1c30,0x000002165bd00000)
 Metaspace       used 218220K, capacity 223193K, committed 223564K, reserved 1232896K
  class space    used 39010K, capacity 40778K, committed 40832K, reserved 1048576K
Event: 77.606 GC heap after
Heap after GC invocations=18 (full 5):
 PSYoungGen      total 10031104K, used 167977K [0x00000219a8b80000, 0x0000021c40800000, 0x0000021c43600000)
  eden space 9862656K, 0% used [0x00000219a8b80000,0x00000219a8b80000,0x0000021c02b00000)
  from space 168448K, 99% used [0x0000021c02b00000,0x0000021c0cf0a720,0x0000021c0cf80000)
  to   space 506368K, 0% used [0x0000021c21980000,0x0000021c21980000,0x0000021c40800000)
 ParOldGen       total 8002560K, used 1088124K [0x0000021473600000, 0x000002165bd00000, 0x00000219a8b80000)
  object space 8002560K, 13% used [0x0000021473600000,0x00000214b5c9f308,0x000002165bd00000)
 Metaspace       used 218220K, capacity 223193K, committed 223564K, reserved 1232896K
  class space    used 39010K, capacity 40778K, committed 40832K, reserved 1048576K
}
Event: 87.413 GC heap before
{Heap before GC invocations=19 (full 5):
 PSYoungGen      total 10031104K, used 10030633K [0x00000219a8b80000, 0x0000021c40800000, 0x0000021c43600000)
  eden space 9862656K, 100% used [0x00000219a8b80000,0x0000021c02b00000,0x0000021c02b00000)
  from space 168448K, 99% used [0x0000021c02b00000,0x0000021c0cf0a720,0x0000021c0cf80000)
  to   space 506368K, 0% used [0x0000021c21980000,0x0000021c21980000,0x0000021c40800000)
 ParOldGen       total 8002560K, used 1088124K [0x0000021473600000, 0x000002165bd00000, 0x00000219a8b80000)
  object space 8002560K, 13% used [0x0000021473600000,0x00000214b5c9f308,0x000002165bd00000)
 Metaspace       used 245765K, capacity 251679K, committed 251852K, reserved 1255424K
  class space    used 44649K, capacity 46781K, committed 46848K, reserved 1048576K
Event: 87.494 GC heap after
Heap after GC invocations=19 (full 5):
 PSYoungGen      total 10382848K, used 271978K [0x00000219a8b80000, 0x0000021c43600000, 0x0000021c43600000)
  eden space 9876480K, 0% used [0x00000219a8b80000,0x00000219a8b80000,0x0000021c03880000)
  from space 506368K, 53% used [0x0000021c21980000,0x0000021c3231abb8,0x0000021c40800000)
  to   space 492544K, 0% used [0x0000021c03880000,0x0000021c03880000,0x0000021c21980000)
 ParOldGen       total 8002560K, used 1204998K [0x0000021473600000, 0x000002165bd00000, 0x00000219a8b80000)
  object space 8002560K, 15% used [0x0000021473600000,0x00000214bcec1b38,0x000002165bd00000)
 Metaspace       used 245765K, capacity 251679K, committed 251852K, reserved 1255424K
  class space    used 44649K, capacity 46781K, committed 46848K, reserved 1048576K
}
Event: 97.356 GC heap before
{Heap before GC invocations=20 (full 5):
 PSYoungGen      total 10382848K, used 8765075K [0x00000219a8b80000, 0x0000021c43600000, 0x0000021c43600000)
  eden space 9876480K, 85% used [0x00000219a8b80000,0x0000021baf18a090,0x0000021c03880000)
  from space 506368K, 53% used [0x0000021c21980000,0x0000021c3231abb8,0x0000021c40800000)
  to   space 492544K, 0% used [0x0000021c03880000,0x0000021c03880000,0x0000021c21980000)
 ParOldGen       total 8002560K, used 1204998K [0x0000021473600000, 0x000002165bd00000, 0x00000219a8b80000)
  object space 8002560K, 15% used [0x0000021473600000,0x00000214bcec1b38,0x000002165bd00000)
 Metaspace       used 266385K, capacity 273059K, committed 273228K, reserved 1271808K
  class space    used 48823K, capacity 51201K, committed 51328K, reserved 1048576K
Event: 97.514 GC heap after
Heap after GC invocations=20 (full 5):
 PSYoungGen      total 10369024K, used 281763K [0x00000219a8b80000, 0x0000021c41580000, 0x0000021c43600000)
  eden space 9876480K, 0% used [0x00000219a8b80000,0x00000219a8b80000,0x0000021c03880000)
  from space 492544K, 57% used [0x0000021c03880000,0x0000021c14ba8d70,0x0000021c21980000)
  to   space 482816K, 0% used [0x0000021c23e00000,0x0000021c23e00000,0x0000021c41580000)
 ParOldGen       total 8002560K, used 1421024K [0x0000021473600000, 0x000002165bd00000, 0x00000219a8b80000)
  object space 8002560K, 17% used [0x0000021473600000,0x00000214ca1b81a0,0x000002165bd00000)
 Metaspace       used 266385K, capacity 273059K, committed 273228K, reserved 1271808K
  class space    used 48823K, capacity 51201K, committed 51328K, reserved 1048576K
}
Event: 97.514 GC heap before
{Heap before GC invocations=21 (full 6):
 PSYoungGen      total 10369024K, used 281763K [0x00000219a8b80000, 0x0000021c41580000, 0x0000021c43600000)
  eden space 9876480K, 0% used [0x00000219a8b80000,0x00000219a8b80000,0x0000021c03880000)
  from space 492544K, 57% used [0x0000021c03880000,0x0000021c14ba8d70,0x0000021c21980000)
  to   space 482816K, 0% used [0x0000021c23e00000,0x0000021c23e00000,0x0000021c41580000)
 ParOldGen       total 8002560K, used 1421024K [0x0000021473600000, 0x000002165bd00000, 0x00000219a8b80000)
  object space 8002560K, 17% used [0x0000021473600000,0x00000214ca1b81a0,0x000002165bd00000)
 Metaspace       used 266385K, capacity 273059K, committed 273228K, reserved 1271808K
  class space    used 48823K, capacity 51201K, committed 51328K, reserved 1048576K
Event: 98.243 GC heap after
Heap after GC invocations=21 (full 6):
 PSYoungGen      total 10369024K, used 0K [0x00000219a8b80000, 0x0000021c41580000, 0x0000021c43600000)
  eden space 9876480K, 0% used [0x00000219a8b80000,0x00000219a8b80000,0x0000021c03880000)
  from space 492544K, 0% used [0x0000021c03880000,0x0000021c03880000,0x0000021c21980000)
  to   space 482816K, 0% used [0x0000021c23e00000,0x0000021c23e00000,0x0000021c41580000)
 ParOldGen       total 9841152K, used 1385560K [0x0000021473600000, 0x00000216cc080000, 0x00000219a8b80000)
  object space 9841152K, 14% used [0x0000021473600000,0x00000214c7f162c0,0x00000216cc080000)
 Metaspace       used 266385K, capacity 273059K, committed 273228K, reserved 1271808K
  class space    used 48823K, capacity 51201K, committed 51328K, reserved 1048576K
}

