# JRE version: Java(TM) SE Runtime Environment (8.0_371) (build 1.8.0_371-b11)
# Java VM: Java HotSpot(TM) 64-Bit Server VM (25.371-b11 mixed mode windows-amd64 compressed oops)
Heap:
 PSYoungGen      total 4963840K, used 4640392K [0x000000066eb00000, 0x00000007c0000000, 0x00000007c0000000)
  eden space 4401152K, 92% used [0x000000066eb00000,0x0000000767929818,0x000000077b500000)
  from space 562688K, 99% used [0x000000077b500000,0x000000079da78ae0,0x000000079da80000)
  to   space 562688K, 0% used [0x000000079da80000,0x000000079da80000,0x00000007c0000000)
 ParOldGen       total 9177088K, used 996556K [0x00000003cc000000, 0x00000005fc200000, 0x000000066eb00000)
  object space 9177088K, 10% used [0x00000003cc000000,0x0000000408d33028,0x00000005fc200000)
 Metaspace       used 260747K, capacity 267451K, committed 267544K, reserved 1267712K
  class space    used 47398K, capacity 49920K, committed 49960K, reserved 1048576K
GC Heap History (10 events):
Event: 67.123 GC heap before
{Heap before GC invocations=22 (full 5):
 PSYoungGen      total 5051904K, used 4695770K [0x000000066eb00000, 0x00000007c0000000, 0x00000007c0000000)
  eden space 4568576K, 100% used [0x000000066eb00000,0x0000000785880000,0x0000000785880000)
  from space 483328K, 26% used [0x00000007a2800000,0x00000007aa436848,0x00000007c0000000)
  to   space 474624K, 0% used [0x0000000785880000,0x0000000785880000,0x00000007a2800000)
 ParOldGen       total 9177088K, used 914283K [0x00000003cc000000, 0x00000005fc200000, 0x000000066eb00000)
  object space 9177088K, 9% used [0x00000003cc000000,0x0000000403cdac10,0x00000005fc200000)
 Metaspace       used 200177K, capacity 204673K, committed 204952K, reserved 1216512K
  class space    used 35318K, capacity 37021K, committed 37032K, reserved 1048576K
Event: 67.157 GC heap after
Heap after GC invocations=22 (full 5):
 PSYoungGen      total 4763648K, used 194935K [0x000000066eb00000, 0x00000007bcd80000, 0x00000007c0000000)
  eden space 4568576K, 0% used [0x000000066eb00000,0x000000066eb00000,0x0000000785880000)
  from space 195072K, 99% used [0x0000000785880000,0x00000007916dded0,0x0000000791700000)
  to   space 453120K, 0% used [0x00000007a1300000,0x00000007a1300000,0x00000007bcd80000)
 ParOldGen       total 9177088K, used 914291K [0x00000003cc000000, 0x00000005fc200000, 0x000000066eb00000)
  object space 9177088K, 9% used [0x00000003cc000000,0x0000000403cdcc10,0x00000005fc200000)
 Metaspace       used 200177K, capacity 204673K, committed 204952K, reserved 1216512K
  class space    used 35318K, capacity 37021K, committed 37032K, reserved 1048576K
}
Event: 71.401 GC heap before
{Heap before GC invocations=23 (full 5):
 PSYoungGen      total 4763648K, used 4763511K [0x000000066eb00000, 0x00000007bcd80000, 0x00000007c0000000)
  eden space 4568576K, 100% used [0x000000066eb00000,0x0000000785880000,0x0000000785880000)
  from space 195072K, 99% used [0x0000000785880000,0x00000007916dded0,0x0000000791700000)
  to   space 453120K, 0% used [0x00000007a1300000,0x00000007a1300000,0x00000007bcd80000)
 ParOldGen       total 9177088K, used 914291K [0x00000003cc000000, 0x00000005fc200000, 0x000000066eb00000)
  object space 9177088K, 9% used [0x00000003cc000000,0x0000000403cdcc10,0x00000005fc200000)
 Metaspace       used 214312K, capacity 219237K, committed 219544K, reserved 1228800K
  class space    used 38381K, capacity 40259K, committed 40360K, reserved 1048576K
Event: 71.442 GC heap after
Heap after GC invocations=23 (full 5):
 PSYoungGen      total 5031424K, used 253287K [0x000000066eb00000, 0x00000007c0000000, 0x00000007c0000000)
  eden space 4578304K, 0% used [0x000000066eb00000,0x000000066eb00000,0x0000000786200000)
  from space 453120K, 55% used [0x00000007a1300000,0x00000007b0a59f80,0x00000007bcd80000)
  to   space 443392K, 0% used [0x0000000786200000,0x0000000786200000,0x00000007a1300000)
 ParOldGen       total 9177088K, used 914299K [0x00000003cc000000, 0x00000005fc200000, 0x000000066eb00000)
  object space 9177088K, 9% used [0x00000003cc000000,0x0000000403cdec10,0x00000005fc200000)
 Metaspace       used 214312K, capacity 219237K, committed 219544K, reserved 1228800K
  class space    used 38381K, capacity 40259K, committed 40360K, reserved 1048576K
}
Event: 75.838 GC heap before
{Heap before GC invocations=24 (full 5):
 PSYoungGen      total 5031424K, used 4831591K [0x000000066eb00000, 0x00000007c0000000, 0x00000007c0000000)
  eden space 4578304K, 100% used [0x000000066eb00000,0x0000000786200000,0x0000000786200000)
  from space 453120K, 55% used [0x00000007a1300000,0x00000007b0a59f80,0x00000007bcd80000)
  to   space 443392K, 0% used [0x0000000786200000,0x0000000786200000,0x00000007a1300000)
 ParOldGen       total 9177088K, used 914299K [0x00000003cc000000, 0x00000005fc200000, 0x000000066eb00000)
  object space 9177088K, 9% used [0x00000003cc000000,0x0000000403cdec10,0x00000005fc200000)
 Metaspace       used 227398K, capacity 232777K, committed 232856K, reserved 1239040K
  class space    used 40832K, capacity 42849K, committed 42920K, reserved 1048576K
Event: 75.900 GC heap after
Heap after GC invocations=24 (full 5):
 PSYoungGen      total 5021696K, used 420089K [0x000000066eb00000, 0x00000007c0000000, 0x00000007c0000000)
  eden space 4578304K, 0% used [0x000000066eb00000,0x000000066eb00000,0x0000000786200000)
  from space 443392K, 94% used [0x0000000786200000,0x000000079fc3e508,0x00000007a1300000)
  to   space 495104K, 0% used [0x00000007a1c80000,0x00000007a1c80000,0x00000007c0000000)
 ParOldGen       total 9177088K, used 914307K [0x00000003cc000000, 0x00000005fc200000, 0x000000066eb00000)
  object space 9177088K, 9% used [0x00000003cc000000,0x0000000403ce0c10,0x00000005fc200000)
 Metaspace       used 227398K, capacity 232777K, committed 232856K, reserved 1239040K
  class space    used 40832K, capacity 42849K, committed 42920K, reserved 1048576K
}
Event: 81.475 GC heap before
{Heap before GC invocations=25 (full 5):
 PSYoungGen      total 5021696K, used 4998393K [0x000000066eb00000, 0x00000007c0000000, 0x00000007c0000000)
  eden space 4578304K, 100% used [0x000000066eb00000,0x0000000786200000,0x0000000786200000)
  from space 443392K, 94% used [0x0000000786200000,0x000000079fc3e508,0x00000007a1300000)
  to   space 495104K, 0% used [0x00000007a1c80000,0x00000007a1c80000,0x00000007c0000000)
 ParOldGen       total 9177088K, used 914307K [0x00000003cc000000, 0x00000005fc200000, 0x000000066eb00000)
  object space 9177088K, 9% used [0x00000003cc000000,0x0000000403ce0c10,0x00000005fc200000)
 Metaspace       used 238894K, capacity 244705K, committed 244888K, reserved 1249280K
  class space    used 43506K, capacity 45649K, committed 45736K, reserved 1048576K
Event: 81.563 GC heap after
Heap after GC invocations=25 (full 5):
 PSYoungGen      total 4896256K, used 490846K [0x000000066eb00000, 0x00000007c0000000, 0x00000007c0000000)
  eden space 4401152K, 0% used [0x000000066eb00000,0x000000066eb00000,0x000000077b500000)
  from space 495104K, 99% used [0x00000007a1c80000,0x00000007bfbd7ae0,0x00000007c0000000)
  to   space 562688K, 0% used [0x000000077b500000,0x000000077b500000,0x000000079da80000)
 ParOldGen       total 9177088K, used 914315K [0x00000003cc000000, 0x00000005fc200000, 0x000000066eb00000)
  object space 9177088K, 9% used [0x00000003cc000000,0x0000000403ce2c10,0x00000005fc200000)
 Metaspace       used 238894K, capacity 244705K, committed 244888K, reserved 1249280K
  class space    used 43506K, capacity 45649K, committed 45736K, reserved 1048576K
}
Event: 85.718 GC heap before
{Heap before GC invocations=26 (full 5):
 PSYoungGen      total 4896256K, used 4891998K [0x000000066eb00000, 0x00000007c0000000, 0x00000007c0000000)
  eden space 4401152K, 100% used [0x000000066eb00000,0x000000077b500000,0x000000077b500000)
  from space 495104K, 99% used [0x00000007a1c80000,0x00000007bfbd7ae0,0x00000007c0000000)
  to   space 562688K, 0% used [0x000000077b500000,0x000000077b500000,0x000000079da80000)
 ParOldGen       total 9177088K, used 914315K [0x00000003cc000000, 0x00000005fc200000, 0x000000066eb00000)
  object space 9177088K, 9% used [0x00000003cc000000,0x0000000403ce2c10,0x00000005fc200000)
 Metaspace       used 249246K, capacity 255437K, committed 255768K, reserved 1257472K
  class space    used 45520K, capacity 47811K, committed 47912K, reserved 1048576K
Event: 85.859 GC heap after
Heap after GC invocations=26 (full 5):
 PSYoungGen      total 4963840K, used 562658K [0x000000066eb00000, 0x00000007c0000000, 0x00000007c0000000)
  eden space 4401152K, 0% used [0x000000066eb00000,0x000000066eb00000,0x000000077b500000)
  from space 562688K, 99% used [0x000000077b500000,0x000000079da78ae0,0x000000079da80000)
  to   space 562688K, 0% used [0x000000079da80000,0x000000079da80000,0x00000007c0000000)
 ParOldGen       total 9177088K, used 996556K [0x00000003cc000000, 0x00000005fc200000, 0x000000066eb00000)
  object space 9177088K, 10% used [0x00000003cc000000,0x0000000408d33028,0x00000005fc200000)
 Metaspace       used 249246K, capacity 255437K, committed 255768K, reserved 1257472K
  class space    used 45520K, capacity 47811K, committed 47912K, reserved 1048576K
}

